{"contracts\\Distamarkets.sol":{"l":{"78":108,"93":38,"97":37,"98":36,"102":35,"105":33,"106":33,"107":33,"108":33,"109":33,"110":33,"112":33,"124":34,"125":33,"128":32,"129":32,"130":32,"133":32,"134":32,"138":31,"144":30,"145":30,"149":30,"158":30,"163":30,"164":30,"166":30,"174":2,"176":2,"179":2,"185":1,"189":1,"192":1,"193":1,"194":1,"197":1,"199":1,"211":6,"214":5,"215":5,"218":5,"224":4,"227":3,"228":3,"231":3,"232":3,"235":3,"238":3,"241":3,"242":3,"244":3,"271":11,"272":11,"273":11,"291":5,"295":4,"300":3,"306":3,"316":14,"317":14,"319":14,"323":13,"328":11,"329":11,"330":11,"332":11,"339":3,"343":2,"345":1,"351":1,"352":1,"359":13,"360":13,"363":13,"364":12,"368":11,"373":9,"377":8,"381":7,"387":6,"389":6,"397":3,"402":2,"403":2,"405":1,"409":1,"412":1,"413":1,"418":1,"430":4,"442":5,"444":5,"453":33,"465":4,"471":4,"476":3,"479":3,"480":2,"483":1,"486":1,"491":1,"496":1,"507":88,"508":88,"512":15,"517":9,"519":64},"path":"C:\\Users\\Guilherme Mussi\\git\\Distamarkets\\contracts\\Distamarkets.sol","s":{"1":108,"2":38,"3":37,"4":36,"5":35,"6":33,"7":33,"8":33,"9":33,"10":33,"11":33,"12":33,"13":34,"14":33,"15":32,"16":32,"17":32,"18":32,"19":32,"20":31,"21":30,"22":30,"23":30,"24":30,"25":30,"26":30,"27":30,"28":2,"29":2,"30":2,"31":1,"32":1,"33":1,"34":1,"35":1,"36":1,"37":1,"38":6,"39":5,"40":5,"41":5,"42":4,"43":3,"44":3,"45":3,"46":3,"47":3,"48":3,"49":3,"50":3,"51":3,"52":11,"53":11,"54":11,"55":5,"56":4,"57":3,"58":3,"59":14,"60":14,"61":14,"62":13,"63":11,"64":11,"65":11,"66":11,"67":3,"68":2,"69":1,"70":1,"71":1,"72":13,"73":13,"74":13,"75":12,"76":11,"77":9,"78":8,"79":7,"80":6,"81":6,"82":3,"83":2,"84":2,"85":1,"86":1,"87":1,"88":1,"89":1,"90":4,"91":5,"92":5,"93":33,"94":4,"95":4,"96":3,"97":3,"98":2,"99":1,"100":1,"101":1,"102":1,"103":88,"104":88,"105":15,"106":73,"107":9,"108":64},"b":{"1":[37,1],"2":[36,1],"3":[35,1],"4":[33,2],"5":[33,1],"6":[32,1],"7":[31,1],"8":[30,1],"9":[1,1],"10":[5,1],"11":[4,1],"12":[3,1],"13":[4,1],"14":[3,1],"15":[13,1],"16":[11,2],"17":[2,1],"18":[1,1],"19":[12,1],"20":[11,1],"21":[9,2],"22":[8,1],"23":[7,1],"24":[6,1],"25":[2,1],"26":[1,1],"27":[3,1],"28":[2,1],"29":[1,1],"30":[15,73],"31":[9,64]},"f":{"1":108,"2":38,"3":34,"4":2,"5":6,"6":11,"7":5,"8":14,"9":3,"10":13,"11":3,"12":4,"13":5,"14":33,"15":4,"16":4,"17":1,"18":1,"19":88},"fnMap":{"1":{"name":"constructor","line":77,"loc":{"start":{"line":77,"column":4},"end":{"line":79,"column":4}}},"2":{"name":"createMarket","line":87,"loc":{"start":{"line":87,"column":4},"end":{"line":113,"column":4}}},"3":{"name":"onApprovalReceived","line":119,"loc":{"start":{"line":119,"column":4},"end":{"line":167,"column":4}}},"4":{"name":"refund","line":172,"loc":{"start":{"line":172,"column":4},"end":{"line":200,"column":4}}},"5":{"name":"removeStake","line":206,"loc":{"start":{"line":206,"column":4},"end":{"line":251,"column":4}}},"6":{"name":"getMarket","line":255,"loc":{"start":{"line":255,"column":4},"end":{"line":284,"column":4}}},"7":{"name":"disputeMarket","line":290,"loc":{"start":{"line":290,"column":4},"end":{"line":307,"column":4}}},"8":{"name":"resolveMarket","line":313,"loc":{"start":{"line":313,"column":4},"end":{"line":333,"column":4}}},"9":{"name":"closeMarket","line":338,"loc":{"start":{"line":338,"column":4},"end":{"line":353,"column":4}}},"10":{"name":"cancelMarket","line":358,"loc":{"start":{"line":358,"column":4},"end":{"line":390,"column":4}}},"11":{"name":"withdrawReward","line":396,"loc":{"start":{"line":396,"column":4},"end":{"line":419,"column":4}}},"12":{"name":"calculateReward","line":425,"loc":{"start":{"line":425,"column":4},"end":{"line":431,"column":4}}},"13":{"name":"_calculateReward","line":437,"loc":{"start":{"line":437,"column":4},"end":{"line":448,"column":4}}},"14":{"name":"updateBalance","line":451,"loc":{"start":{"line":451,"column":4},"end":{"line":454,"column":4}}},"15":{"name":"getStake","line":460,"loc":{"start":{"line":460,"column":4},"end":{"line":466,"column":4}}},"16":{"name":"collectFees","line":470,"loc":{"start":{"line":470,"column":4},"end":{"line":487,"column":4}}},"17":{"name":"token","line":490,"loc":{"start":{"line":490,"column":4},"end":{"line":492,"column":4}}},"18":{"name":"tokenBalance","line":495,"loc":{"start":{"line":495,"column":4},"end":{"line":497,"column":4}}},"19":{"name":"_getMarketState","line":501,"loc":{"start":{"line":501,"column":4},"end":{"line":520,"column":4}}}},"statementMap":{"1":{"start":{"line":78,"column":8},"end":{"line":78,"column":22}},"2":{"start":{"line":93,"column":8},"end":{"line":93,"column":2974}},"3":{"start":{"line":97,"column":8},"end":{"line":97,"column":63}},"4":{"start":{"line":98,"column":8},"end":{"line":98,"column":3158}},"5":{"start":{"line":102,"column":8},"end":{"line":102,"column":69}},"6":{"start":{"line":105,"column":8},"end":{"line":105,"column":51}},"7":{"start":{"line":106,"column":8},"end":{"line":106,"column":30}},"8":{"start":{"line":107,"column":8},"end":{"line":107,"column":34}},"9":{"start":{"line":108,"column":8},"end":{"line":108,"column":40}},"10":{"start":{"line":109,"column":8},"end":{"line":109,"column":40}},"11":{"start":{"line":110,"column":8},"end":{"line":110,"column":38}},"12":{"start":{"line":112,"column":8},"end":{"line":112,"column":74}},"13":{"start":{"line":124,"column":8},"end":{"line":124,"column":49}},"14":{"start":{"line":125,"column":8},"end":{"line":125,"column":55}},"15":{"start":{"line":128,"column":8},"end":{"line":128,"column":25}},"16":{"start":{"line":129,"column":8},"end":{"line":129,"column":26}},"17":{"start":{"line":130,"column":8},"end":{"line":130,"column":70}},"18":{"start":{"line":133,"column":8},"end":{"line":133,"column":51}},"19":{"start":{"line":134,"column":8},"end":{"line":134,"column":4554}},"20":{"start":{"line":138,"column":8},"end":{"line":138,"column":4673}},"21":{"start":{"line":144,"column":8},"end":{"line":144,"column":54}},"22":{"start":{"line":145,"column":8},"end":{"line":145,"column":4895}},"23":{"start":{"line":149,"column":8},"end":{"line":149,"column":4998}},"24":{"start":{"line":158,"column":8},"end":{"line":158,"column":5250}},"25":{"start":{"line":163,"column":8},"end":{"line":163,"column":63}},"26":{"start":{"line":164,"column":8},"end":{"line":164,"column":22}},"27":{"start":{"line":166,"column":8},"end":{"line":166,"column":47}},"28":{"start":{"line":174,"column":8},"end":{"line":174,"column":51}},"29":{"start":{"line":176,"column":8},"end":{"line":176,"column":63}},"30":{"start":{"line":179,"column":8},"end":{"line":179,"column":5969}},"31":{"start":{"line":185,"column":8},"end":{"line":185,"column":6188}},"32":{"start":{"line":189,"column":8},"end":{"line":189,"column":59}},"33":{"start":{"line":192,"column":8},"end":{"line":192,"column":60}},"34":{"start":{"line":193,"column":8},"end":{"line":193,"column":68}},"35":{"start":{"line":194,"column":8},"end":{"line":194,"column":6523}},"36":{"start":{"line":197,"column":8},"end":{"line":197,"column":48}},"37":{"start":{"line":199,"column":8},"end":{"line":199,"column":72}},"38":{"start":{"line":211,"column":8},"end":{"line":211,"column":52}},"39":{"start":{"line":214,"column":8},"end":{"line":214,"column":51}},"40":{"start":{"line":215,"column":8},"end":{"line":215,"column":66}},"41":{"start":{"line":218,"column":8},"end":{"line":218,"column":7393}},"42":{"start":{"line":224,"column":8},"end":{"line":224,"column":69}},"43":{"start":{"line":227,"column":8},"end":{"line":227,"column":55}},"44":{"start":{"line":228,"column":8},"end":{"line":228,"column":52}},"45":{"start":{"line":231,"column":8},"end":{"line":231,"column":61}},"46":{"start":{"line":232,"column":8},"end":{"line":232,"column":7918}},"47":{"start":{"line":235,"column":8},"end":{"line":235,"column":60}},"48":{"start":{"line":238,"column":8},"end":{"line":238,"column":67}},"49":{"start":{"line":241,"column":8},"end":{"line":241,"column":54}},"50":{"start":{"line":242,"column":8},"end":{"line":242,"column":22}},"51":{"start":{"line":244,"column":8},"end":{"line":244,"column":8370}},"52":{"start":{"line":271,"column":8},"end":{"line":271,"column":51}},"53":{"start":{"line":272,"column":8},"end":{"line":272,"column":41}},"54":{"start":{"line":273,"column":8},"end":{"line":273,"column":9064}},"55":{"start":{"line":291,"column":8},"end":{"line":291,"column":9686}},"56":{"start":{"line":295,"column":8},"end":{"line":295,"column":9817}},"57":{"start":{"line":300,"column":8},"end":{"line":300,"column":9962}},"58":{"start":{"line":306,"column":8},"end":{"line":306,"column":55}},"59":{"start":{"line":316,"column":8},"end":{"line":316,"column":51}},"60":{"start":{"line":317,"column":8},"end":{"line":317,"column":57}},"61":{"start":{"line":319,"column":8},"end":{"line":319,"column":10638}},"62":{"start":{"line":323,"column":8},"end":{"line":323,"column":10760}},"63":{"start":{"line":328,"column":8},"end":{"line":328,"column":42}},"64":{"start":{"line":329,"column":8},"end":{"line":329,"column":57}},"65":{"start":{"line":330,"column":8},"end":{"line":330,"column":46}},"66":{"start":{"line":332,"column":8},"end":{"line":332,"column":74}},"67":{"start":{"line":339,"column":8},"end":{"line":339,"column":11375}},"68":{"start":{"line":343,"column":8},"end":{"line":343,"column":77}},"69":{"start":{"line":345,"column":8},"end":{"line":345,"column":11585}},"70":{"start":{"line":351,"column":8},"end":{"line":351,"column":53}},"71":{"start":{"line":352,"column":8},"end":{"line":352,"column":59}},"72":{"start":{"line":359,"column":8},"end":{"line":359,"column":57}},"73":{"start":{"line":360,"column":8},"end":{"line":360,"column":51}},"74":{"start":{"line":363,"column":8},"end":{"line":363,"column":75}},"75":{"start":{"line":364,"column":8},"end":{"line":364,"column":12302}},"76":{"start":{"line":368,"column":8},"end":{"line":368,"column":12429}},"77":{"start":{"line":373,"column":8},"end":{"line":373,"column":12640}},"78":{"start":{"line":377,"column":8},"end":{"line":377,"column":12793}},"79":{"start":{"line":381,"column":8},"end":{"line":381,"column":12952}},"80":{"start":{"line":387,"column":8},"end":{"line":387,"column":42}},"81":{"start":{"line":389,"column":8},"end":{"line":389,"column":74}},"82":{"start":{"line":397,"column":8},"end":{"line":397,"column":13588}},"83":{"start":{"line":402,"column":8},"end":{"line":402,"column":76}},"84":{"start":{"line":403,"column":8},"end":{"line":403,"column":50}},"85":{"start":{"line":405,"column":8},"end":{"line":405,"column":13902}},"86":{"start":{"line":409,"column":8},"end":{"line":409,"column":57}},"87":{"start":{"line":412,"column":8},"end":{"line":412,"column":61}},"88":{"start":{"line":413,"column":8},"end":{"line":413,"column":14156}},"89":{"start":{"line":418,"column":8},"end":{"line":418,"column":72}},"90":{"start":{"line":430,"column":8},"end":{"line":430,"column":61}},"91":{"start":{"line":442,"column":8},"end":{"line":442,"column":76}},"92":{"start":{"line":444,"column":8},"end":{"line":444,"column":15296}},"93":{"start":{"line":453,"column":8},"end":{"line":453,"column":54}},"94":{"start":{"line":465,"column":8},"end":{"line":465,"column":60}},"95":{"start":{"line":471,"column":8},"end":{"line":471,"column":16303}},"96":{"start":{"line":476,"column":8},"end":{"line":476,"column":51}},"97":{"start":{"line":479,"column":8},"end":{"line":479,"column":61}},"98":{"start":{"line":480,"column":8},"end":{"line":480,"column":70}},"99":{"start":{"line":483,"column":8},"end":{"line":483,"column":59}},"100":{"start":{"line":486,"column":8},"end":{"line":486,"column":30}},"101":{"start":{"line":491,"column":8},"end":{"line":491,"column":21}},"102":{"start":{"line":496,"column":8},"end":{"line":496,"column":28}},"103":{"start":{"line":507,"column":8},"end":{"line":507,"column":51}},"104":{"start":{"line":508,"column":8},"end":{"line":508,"column":17497}},"105":{"start":{"line":512,"column":12},"end":{"line":512,"column":36}},"106":{"start":{"line":513,"column":15},"end":{"line":513,"column":17664}},"107":{"start":{"line":517,"column":12},"end":{"line":517,"column":37}},"108":{"start":{"line":519,"column":8},"end":{"line":519,"column":27}}},"branchMap":{"1":{"line":93,"type":"if","locations":[{"start":{"line":93,"column":8},"end":{"line":93,"column":8}},{"start":{"line":93,"column":8},"end":{"line":93,"column":8}}]},"2":{"line":97,"type":"if","locations":[{"start":{"line":97,"column":8},"end":{"line":97,"column":8}},{"start":{"line":97,"column":8},"end":{"line":97,"column":8}}]},"3":{"line":98,"type":"if","locations":[{"start":{"line":98,"column":8},"end":{"line":98,"column":8}},{"start":{"line":98,"column":8},"end":{"line":98,"column":8}}]},"4":{"line":102,"type":"if","locations":[{"start":{"line":102,"column":8},"end":{"line":102,"column":8}},{"start":{"line":102,"column":8},"end":{"line":102,"column":8}}]},"5":{"line":124,"type":"if","locations":[{"start":{"line":124,"column":8},"end":{"line":124,"column":8}},{"start":{"line":124,"column":8},"end":{"line":124,"column":8}}]},"6":{"line":125,"type":"if","locations":[{"start":{"line":125,"column":8},"end":{"line":125,"column":8}},{"start":{"line":125,"column":8},"end":{"line":125,"column":8}}]},"7":{"line":134,"type":"if","locations":[{"start":{"line":134,"column":8},"end":{"line":134,"column":8}},{"start":{"line":134,"column":8},"end":{"line":134,"column":8}}]},"8":{"line":138,"type":"if","locations":[{"start":{"line":138,"column":8},"end":{"line":138,"column":8}},{"start":{"line":138,"column":8},"end":{"line":138,"column":8}}]},"9":{"line":179,"type":"if","locations":[{"start":{"line":179,"column":8},"end":{"line":179,"column":8}},{"start":{"line":179,"column":8},"end":{"line":179,"column":8}}]},"10":{"line":211,"type":"if","locations":[{"start":{"line":211,"column":8},"end":{"line":211,"column":8}},{"start":{"line":211,"column":8},"end":{"line":211,"column":8}}]},"11":{"line":218,"type":"if","locations":[{"start":{"line":218,"column":8},"end":{"line":218,"column":8}},{"start":{"line":218,"column":8},"end":{"line":218,"column":8}}]},"12":{"line":224,"type":"if","locations":[{"start":{"line":224,"column":8},"end":{"line":224,"column":8}},{"start":{"line":224,"column":8},"end":{"line":224,"column":8}}]},"13":{"line":291,"type":"if","locations":[{"start":{"line":291,"column":8},"end":{"line":291,"column":8}},{"start":{"line":291,"column":8},"end":{"line":291,"column":8}}]},"14":{"line":295,"type":"if","locations":[{"start":{"line":295,"column":8},"end":{"line":295,"column":8}},{"start":{"line":295,"column":8},"end":{"line":295,"column":8}}]},"15":{"line":319,"type":"if","locations":[{"start":{"line":319,"column":8},"end":{"line":319,"column":8}},{"start":{"line":319,"column":8},"end":{"line":319,"column":8}}]},"16":{"line":323,"type":"if","locations":[{"start":{"line":323,"column":8},"end":{"line":323,"column":8}},{"start":{"line":323,"column":8},"end":{"line":323,"column":8}}]},"17":{"line":339,"type":"if","locations":[{"start":{"line":339,"column":8},"end":{"line":339,"column":8}},{"start":{"line":339,"column":8},"end":{"line":339,"column":8}}]},"18":{"line":343,"type":"if","locations":[{"start":{"line":343,"column":8},"end":{"line":343,"column":8}},{"start":{"line":343,"column":8},"end":{"line":343,"column":8}}]},"19":{"line":363,"type":"if","locations":[{"start":{"line":363,"column":8},"end":{"line":363,"column":8}},{"start":{"line":363,"column":8},"end":{"line":363,"column":8}}]},"20":{"line":364,"type":"if","locations":[{"start":{"line":364,"column":8},"end":{"line":364,"column":8}},{"start":{"line":364,"column":8},"end":{"line":364,"column":8}}]},"21":{"line":368,"type":"if","locations":[{"start":{"line":368,"column":8},"end":{"line":368,"column":8}},{"start":{"line":368,"column":8},"end":{"line":368,"column":8}}]},"22":{"line":373,"type":"if","locations":[{"start":{"line":373,"column":8},"end":{"line":373,"column":8}},{"start":{"line":373,"column":8},"end":{"line":373,"column":8}}]},"23":{"line":377,"type":"if","locations":[{"start":{"line":377,"column":8},"end":{"line":377,"column":8}},{"start":{"line":377,"column":8},"end":{"line":377,"column":8}}]},"24":{"line":381,"type":"if","locations":[{"start":{"line":381,"column":8},"end":{"line":381,"column":8}},{"start":{"line":381,"column":8},"end":{"line":381,"column":8}}]},"25":{"line":397,"type":"if","locations":[{"start":{"line":397,"column":8},"end":{"line":397,"column":8}},{"start":{"line":397,"column":8},"end":{"line":397,"column":8}}]},"26":{"line":403,"type":"if","locations":[{"start":{"line":403,"column":8},"end":{"line":403,"column":8}},{"start":{"line":403,"column":8},"end":{"line":403,"column":8}}]},"27":{"line":471,"type":"if","locations":[{"start":{"line":471,"column":8},"end":{"line":471,"column":8}},{"start":{"line":471,"column":8},"end":{"line":471,"column":8}}]},"28":{"line":479,"type":"if","locations":[{"start":{"line":479,"column":8},"end":{"line":479,"column":8}},{"start":{"line":479,"column":8},"end":{"line":479,"column":8}}]},"29":{"line":480,"type":"if","locations":[{"start":{"line":480,"column":8},"end":{"line":480,"column":8}},{"start":{"line":480,"column":8},"end":{"line":480,"column":8}}]},"30":{"line":508,"type":"if","locations":[{"start":{"line":508,"column":8},"end":{"line":508,"column":8}},{"start":{"line":508,"column":8},"end":{"line":508,"column":8}}]},"31":{"line":513,"type":"if","locations":[{"start":{"line":513,"column":15},"end":{"line":513,"column":15}},{"start":{"line":513,"column":15},"end":{"line":513,"column":15}}]}}}}