{"contracts\\Distamarkets.sol":{"l":{"53":63,"57":19,"58":19,"60":19,"61":19,"62":19,"63":19,"64":19,"65":19,"66":19,"68":19,"69":38,"70":38,"71":38,"74":19,"76":19,"80":20,"81":19,"84":18,"85":18,"87":18,"90":18,"91":17,"93":16,"94":16,"96":16,"97":16,"100":16,"101":16,"103":16,"105":15,"106":15,"107":15,"108":15,"109":15,"111":15,"112":15,"115":1,"119":16,"121":16,"126":16,"128":16,"130":16,"134":3,"139":2,"141":2,"142":2,"144":2,"146":1,"147":1,"148":1,"150":1,"155":1,"157":1,"159":1,"163":2,"165":2,"166":2,"168":2,"169":4,"170":4,"173":2,"174":2,"175":1,"178":2,"182":2,"184":2,"185":2,"186":2,"188":1,"189":1,"190":1,"200":4,"202":4,"206":4,"207":4,"209":4,"211":4,"213":4,"215":4,"217":4,"222":17,"226":2,"230":11,"234":1,"238":1,"242":4,"246":1,"250":1,"254":21,"255":21,"262":4,"263":3},"path":"C:\\Users\\Guilherme Mussi\\git\\Distamarkets\\contracts\\Distamarkets.sol","s":{"1":63,"2":19,"3":19,"4":19,"5":19,"6":19,"7":19,"8":19,"9":19,"10":19,"11":19,"12":38,"13":38,"14":38,"15":19,"16":19,"17":20,"18":19,"19":18,"20":18,"21":18,"22":18,"23":17,"24":16,"25":16,"26":16,"27":16,"28":16,"29":16,"30":16,"31":15,"32":15,"33":15,"34":15,"35":15,"36":15,"37":15,"38":1,"39":16,"40":16,"41":16,"42":16,"43":16,"44":3,"45":2,"46":2,"47":2,"48":2,"49":1,"50":1,"51":1,"52":1,"53":1,"54":1,"55":1,"56":2,"57":2,"58":2,"59":2,"60":4,"61":4,"62":2,"63":2,"64":1,"65":2,"66":2,"67":2,"68":2,"69":2,"70":1,"71":1,"72":1,"73":4,"74":4,"75":4,"76":4,"77":4,"78":4,"79":4,"80":4,"81":4,"82":17,"83":2,"84":11,"85":1,"86":1,"87":4,"88":1,"89":1,"90":21,"91":21,"92":4},"b":{"1":[19,1],"2":[18,1],"3":[17,1],"4":[16,1],"5":[15,1],"6":[2,1],"7":[1,1],"8":[1,1],"9":[2,0],"10":[2,0],"11":[1,1],"12":[3,1]},"f":{"1":63,"2":19,"3":20,"4":3,"5":2,"6":2,"7":4,"8":4,"9":17,"10":2,"11":11,"12":1,"13":1,"14":4,"15":1,"16":1,"17":21,"18":4},"fnMap":{"1":{"name":"constructor","line":52,"loc":{"start":{"line":52,"column":4},"end":{"line":54,"column":4}}},"2":{"name":"createMarket","line":56,"loc":{"start":{"line":56,"column":4},"end":{"line":77,"column":4}}},"3":{"name":"onApprovalReceived","line":79,"loc":{"start":{"line":79,"column":4},"end":{"line":131,"column":4}}},"4":{"name":"removeStake","line":133,"loc":{"start":{"line":133,"column":4},"end":{"line":160,"column":4}}},"5":{"name":"getMarket","line":162,"loc":{"start":{"line":162,"column":4},"end":{"line":179,"column":4}}},"6":{"name":"resolveMarket","line":181,"loc":{"start":{"line":181,"column":4},"end":{"line":191,"column":4}}},"7":{"name":"calculateReward","line":199,"loc":{"start":{"line":199,"column":4},"end":{"line":203,"column":4}}},"8":{"name":"_calculateReward","line":205,"loc":{"start":{"line":205,"column":4},"end":{"line":218,"column":4}}},"9":{"name":"updateBalance","line":220,"loc":{"start":{"line":220,"column":4},"end":{"line":223,"column":4}}},"10":{"name":"getMarketIndex","line":225,"loc":{"start":{"line":225,"column":4},"end":{"line":227,"column":4}}},"11":{"name":"getStakeId","line":229,"loc":{"start":{"line":229,"column":4},"end":{"line":231,"column":4}}},"12":{"name":"getMarketTotalStake","line":233,"loc":{"start":{"line":233,"column":4},"end":{"line":235,"column":4}}},"13":{"name":"getUserStakes","line":237,"loc":{"start":{"line":237,"column":4},"end":{"line":239,"column":4}}},"14":{"name":"getStake","line":241,"loc":{"start":{"line":241,"column":4},"end":{"line":243,"column":4}}},"15":{"name":"token","line":245,"loc":{"start":{"line":245,"column":4},"end":{"line":247,"column":4}}},"16":{"name":"tokenBalance","line":249,"loc":{"start":{"line":249,"column":4},"end":{"line":251,"column":4}}},"17":{"name":"isMarketOpen","line":253,"loc":{"start":{"line":253,"column":4},"end":{"line":259,"column":4}}},"18":{"name":"openMarket","line":261,"loc":{"start":{"line":261,"column":4},"end":{"line":264,"column":4}}}},"statementMap":{"1":{"start":{"line":53,"column":8},"end":{"line":53,"column":22}},"2":{"start":{"line":57,"column":8},"end":{"line":57,"column":22}},"3":{"start":{"line":58,"column":8},"end":{"line":58,"column":39}},"4":{"start":{"line":60,"column":8},"end":{"line":60,"column":54}},"5":{"start":{"line":61,"column":8},"end":{"line":61,"column":28}},"6":{"start":{"line":62,"column":8},"end":{"line":62,"column":28}},"7":{"start":{"line":63,"column":8},"end":{"line":63,"column":48}},"8":{"start":{"line":64,"column":8},"end":{"line":64,"column":40}},"9":{"start":{"line":65,"column":8},"end":{"line":65,"column":34}},"10":{"start":{"line":66,"column":8},"end":{"line":66,"column":38}},"11":{"start":{"line":68,"column":8},"end":{"line":68,"column":2162}},"12":{"start":{"line":69,"column":12},"end":{"line":69,"column":62}},"13":{"start":{"line":70,"column":12},"end":{"line":70,"column":25}},"14":{"start":{"line":71,"column":12},"end":{"line":71,"column":49}},"15":{"start":{"line":74,"column":8},"end":{"line":74,"column":56}},"16":{"start":{"line":76,"column":8},"end":{"line":76,"column":23}},"17":{"start":{"line":80,"column":8},"end":{"line":80,"column":49}},"18":{"start":{"line":81,"column":8},"end":{"line":81,"column":55}},"19":{"start":{"line":84,"column":8},"end":{"line":84,"column":25}},"20":{"start":{"line":85,"column":8},"end":{"line":85,"column":26}},"21":{"start":{"line":87,"column":8},"end":{"line":87,"column":70}},"22":{"start":{"line":90,"column":8},"end":{"line":90,"column":83}},"23":{"start":{"line":91,"column":8},"end":{"line":91,"column":61}},"24":{"start":{"line":93,"column":8},"end":{"line":93,"column":55}},"25":{"start":{"line":94,"column":8},"end":{"line":94,"column":67}},"26":{"start":{"line":96,"column":8},"end":{"line":96,"column":54}},"27":{"start":{"line":97,"column":8},"end":{"line":97,"column":56}},"28":{"start":{"line":100,"column":8},"end":{"line":100,"column":50}},"29":{"start":{"line":101,"column":8},"end":{"line":101,"column":31}},"30":{"start":{"line":103,"column":8},"end":{"line":103,"column":3450}},"31":{"start":{"line":105,"column":12},"end":{"line":105,"column":29}},"32":{"start":{"line":106,"column":12},"end":{"line":106,"column":39}},"33":{"start":{"line":107,"column":12},"end":{"line":107,"column":43}},"34":{"start":{"line":108,"column":12},"end":{"line":108,"column":37}},"35":{"start":{"line":109,"column":12},"end":{"line":109,"column":39}},"36":{"start":{"line":111,"column":12},"end":{"line":111,"column":47}},"37":{"start":{"line":112,"column":12},"end":{"line":112,"column":45}},"38":{"start":{"line":115,"column":12},"end":{"line":115,"column":43}},"39":{"start":{"line":119,"column":8},"end":{"line":119,"column":44}},"40":{"start":{"line":121,"column":8},"end":{"line":121,"column":4036}},"41":{"start":{"line":126,"column":8},"end":{"line":126,"column":22}},"42":{"start":{"line":128,"column":8},"end":{"line":128,"column":63}},"43":{"start":{"line":130,"column":8},"end":{"line":130,"column":47}},"44":{"start":{"line":134,"column":8},"end":{"line":134,"column":52}},"45":{"start":{"line":139,"column":8},"end":{"line":139,"column":59}},"46":{"start":{"line":141,"column":8},"end":{"line":141,"column":60}},"47":{"start":{"line":142,"column":8},"end":{"line":142,"column":72}},"48":{"start":{"line":144,"column":8},"end":{"line":144,"column":71}},"49":{"start":{"line":146,"column":8},"end":{"line":146,"column":54}},"50":{"start":{"line":147,"column":8},"end":{"line":147,"column":56}},"51":{"start":{"line":148,"column":8},"end":{"line":148,"column":44}},"52":{"start":{"line":150,"column":8},"end":{"line":150,"column":5112}},"53":{"start":{"line":155,"column":8},"end":{"line":155,"column":22}},"54":{"start":{"line":157,"column":8},"end":{"line":157,"column":72}},"55":{"start":{"line":159,"column":8},"end":{"line":159,"column":27}},"56":{"start":{"line":163,"column":8},"end":{"line":163,"column":55}},"57":{"start":{"line":165,"column":8},"end":{"line":165,"column":73}},"58":{"start":{"line":166,"column":8},"end":{"line":166,"column":74}},"59":{"start":{"line":168,"column":8},"end":{"line":168,"column":5729}},"60":{"start":{"line":169,"column":12},"end":{"line":169,"column":61}},"61":{"start":{"line":170,"column":12},"end":{"line":170,"column":61}},"62":{"start":{"line":173,"column":8},"end":{"line":173,"column":40}},"63":{"start":{"line":174,"column":8},"end":{"line":174,"column":5972}},"64":{"start":{"line":175,"column":12},"end":{"line":175,"column":36}},"65":{"start":{"line":178,"column":8},"end":{"line":178,"column":118}},"66":{"start":{"line":182,"column":8},"end":{"line":182,"column":55}},"67":{"start":{"line":184,"column":8},"end":{"line":184,"column":87}},"68":{"start":{"line":185,"column":8},"end":{"line":185,"column":85}},"69":{"start":{"line":186,"column":8},"end":{"line":186,"column":108}},"70":{"start":{"line":188,"column":8},"end":{"line":188,"column":42}},"71":{"start":{"line":189,"column":8},"end":{"line":189,"column":42}},"72":{"start":{"line":190,"column":8},"end":{"line":190,"column":46}},"73":{"start":{"line":200,"column":8},"end":{"line":200,"column":59}},"74":{"start":{"line":202,"column":8},"end":{"line":202,"column":38}},"75":{"start":{"line":206,"column":8},"end":{"line":206,"column":61}},"76":{"start":{"line":207,"column":8},"end":{"line":207,"column":73}},"77":{"start":{"line":209,"column":8},"end":{"line":209,"column":46}},"78":{"start":{"line":211,"column":8},"end":{"line":211,"column":49}},"79":{"start":{"line":213,"column":8},"end":{"line":213,"column":56}},"80":{"start":{"line":215,"column":8},"end":{"line":215,"column":72}},"81":{"start":{"line":217,"column":8},"end":{"line":217,"column":25}},"82":{"start":{"line":222,"column":8},"end":{"line":222,"column":54}},"83":{"start":{"line":226,"column":8},"end":{"line":226,"column":30}},"84":{"start":{"line":230,"column":8},"end":{"line":230,"column":76}},"85":{"start":{"line":234,"column":8},"end":{"line":234,"column":49}},"86":{"start":{"line":238,"column":8},"end":{"line":238,"column":38}},"87":{"start":{"line":242,"column":8},"end":{"line":242,"column":40}},"88":{"start":{"line":246,"column":8},"end":{"line":246,"column":21}},"89":{"start":{"line":250,"column":8},"end":{"line":250,"column":28}},"90":{"start":{"line":254,"column":8},"end":{"line":254,"column":55}},"91":{"start":{"line":255,"column":8},"end":{"line":255,"column":8958}},"92":{"start":{"line":262,"column":8},"end":{"line":262,"column":39}}},"branchMap":{"1":{"line":80,"type":"if","locations":[{"start":{"line":80,"column":8},"end":{"line":80,"column":8}},{"start":{"line":80,"column":8},"end":{"line":80,"column":8}}]},"2":{"line":81,"type":"if","locations":[{"start":{"line":81,"column":8},"end":{"line":81,"column":8}},{"start":{"line":81,"column":8},"end":{"line":81,"column":8}}]},"3":{"line":90,"type":"if","locations":[{"start":{"line":90,"column":8},"end":{"line":90,"column":8}},{"start":{"line":90,"column":8},"end":{"line":90,"column":8}}]},"4":{"line":91,"type":"if","locations":[{"start":{"line":91,"column":8},"end":{"line":91,"column":8}},{"start":{"line":91,"column":8},"end":{"line":91,"column":8}}]},"5":{"line":103,"type":"if","locations":[{"start":{"line":103,"column":8},"end":{"line":103,"column":8}},{"start":{"line":103,"column":8},"end":{"line":103,"column":8}}]},"6":{"line":134,"type":"if","locations":[{"start":{"line":134,"column":8},"end":{"line":134,"column":8}},{"start":{"line":134,"column":8},"end":{"line":134,"column":8}}]},"7":{"line":144,"type":"if","locations":[{"start":{"line":144,"column":8},"end":{"line":144,"column":8}},{"start":{"line":144,"column":8},"end":{"line":144,"column":8}}]},"8":{"line":174,"type":"if","locations":[{"start":{"line":174,"column":8},"end":{"line":174,"column":8}},{"start":{"line":174,"column":8},"end":{"line":174,"column":8}}]},"9":{"line":184,"type":"if","locations":[{"start":{"line":184,"column":8},"end":{"line":184,"column":8}},{"start":{"line":184,"column":8},"end":{"line":184,"column":8}}]},"10":{"line":185,"type":"if","locations":[{"start":{"line":185,"column":8},"end":{"line":185,"column":8}},{"start":{"line":185,"column":8},"end":{"line":185,"column":8}}]},"11":{"line":186,"type":"if","locations":[{"start":{"line":186,"column":8},"end":{"line":186,"column":8}},{"start":{"line":186,"column":8},"end":{"line":186,"column":8}}]},"12":{"line":262,"type":"if","locations":[{"start":{"line":262,"column":8},"end":{"line":262,"column":8}},{"start":{"line":262,"column":8},"end":{"line":262,"column":8}}]}}},"contracts\\WFAIRToken.sol":{"l":{"10":0},"path":"C:\\Users\\Guilherme Mussi\\git\\Distamarkets\\contracts\\WFAIRToken.sol","s":{"1":0},"b":{},"f":{"1":0},"fnMap":{"1":{"name":"constructor","line":9,"loc":{"start":{"line":9,"column":4},"end":{"line":11,"column":4}}}},"statementMap":{"1":{"start":{"line":10,"column":8},"end":{"line":10,"column":38}}},"branchMap":{}}}