{
"contracts\\Distamarkets.sol":{"l":{"85":75,"100":23,"104":23,"105":23,"109":23,"112":23,"113":23,"114":23,"115":23,"116":23,"117":23,"119":23,"131":20,"132":19,"135":18,"136":18,"137":18,"140":18,"141":18,"145":17,"148":16,"149":16,"154":16,"155":16,"157":16,"159":15,"160":15,"161":15,"162":15,"163":15,"165":15,"166":15,"169":1,"173":16,"174":16,"177":16,"178":16,"180":16,"188":16,"195":4,"198":3,"201":3,"204":2,"205":2,"208":1,"209":1,"212":1,"213":1,"216":1,"219":1,"220":1,"223":1,"224":1,"226":1,"253":5,"256":5,"257":5,"258":2,"261":5,"281":4,"283":4,"287":4,"291":4,"296":3,"298":3,"299":3,"300":3,"302":3,"309":7,"312":7,"316":6,"320":6,"325":4,"329":4,"333":4,"339":3,"340":3,"341":3,"343":3,"355":4,"357":4,"367":4,"369":4,"371":4,"373":4,"375":4,"377":4,"383":17,"395":11,"405":1,"415":1,"421":4,"426":1,"431":1,"437":20,"438":20},"path":"C:\\Users\\Guilherme Mussi\\git\\Distamarkets\\contracts\\Distamarkets.sol","s":{"1":75,"2":23,"3":23,"4":23,"5":23,"6":23,"7":23,"8":23,"9":23,"10":23,"11":23,"12":23,"13":20,"14":19,"15":18,"16":18,"17":18,"18":18,"19":18,"20":17,"21":16,"22":16,"23":16,"24":16,"25":16,"26":15,"27":15,"28":15,"29":15,"30":15,"31":15,"32":15,"33":1,"34":16,"35":16,"36":16,"37":16,"38":16,"39":16,"40":4,"41":3,"42":3,"43":2,"44":2,"45":1,"46":1,"47":1,"48":1,"49":1,"50":1,"51":1,"52":1,"53":1,"54":1,"55":5,"56":5,"57":5,"58":2,"59":5,"60":4,"61":4,"62":4,"63":4,"64":3,"65":3,"66":3,"67":3,"68":3,"69":7,"70":7,"71":6,"72":6,"73":4,"74":4,"75":4,"76":3,"77":3,"78":3,"79":3,"80":4,"81":4,"82":4,"83":4,"84":4,"85":4,"86":4,"87":4,"88":17,"89":11,"90":1,"91":1,"92":4,"93":1,"94":1,"95":20,"96":20},"b":{"1":[23,0],"2":[23,0],"3":[23,0],"4":[23,0],"5":[19,1],"6":[18,1],"7":[17,1],"8":[16,1],"9":[15,1],"10":[3,1],"11":[2,1],"12":[1,1],"13":[2,3],"14":[4,0],"15":[4,0],"16":[3,1],"17":[6,1],"18":[6,0],"19":[4,2],"20":[4,0],"21":[4,0],"22":[3,1]},"f":{"1":75,"2":23,"3":20,"4":4,"5":5,"6":4,"7":7,"8":4,"9":4,"10":17,"11":11,"12":1,"13":1,"14":4,"15":1,"16":1,"17":20},"fnMap":{"1":{"name":"constructor","line":84,"loc":{"start":{"line":84,"column":4},"end":{"line":86,"column":4}}},"2":{"name":"createMarket","line":94,"loc":{"start":{"line":94,"column":4},"end":{"line":120,"column":4}}},"3":{"name":"onApprovalReceived","line":126,"loc":{"start":{"line":126,"column":4},"end":{"line":189,"column":4}}},"4":{"name":"removeStake","line":194,"loc":{"start":{"line":194,"column":4},"end":{"line":233,"column":4}}},"5":{"name":"getMarket","line":237,"loc":{"start":{"line":237,"column":4},"end":{"line":272,"column":4}}},"6":{"name":"resolveMarket","line":278,"loc":{"start":{"line":278,"column":4},"end":{"line":303,"column":4}}},"7":{"name":"cancelMarket","line":308,"loc":{"start":{"line":308,"column":4},"end":{"line":344,"column":4}}},"8":{"name":"calculateReward","line":354,"loc":{"start":{"line":354,"column":4},"end":{"line":358,"column":4}}},"9":{"name":"_calculateReward","line":362,"loc":{"start":{"line":362,"column":4},"end":{"line":378,"column":4}}},"10":{"name":"updateBalance","line":381,"loc":{"start":{"line":381,"column":4},"end":{"line":384,"column":4}}},"11":{"name":"getStakeId","line":390,"loc":{"start":{"line":390,"column":4},"end":{"line":396,"column":4}}},"12":{"name":"getMarketTotalStake","line":400,"loc":{"start":{"line":400,"column":4},"end":{"line":406,"column":4}}},"13":{"name":"getUserStakes","line":410,"loc":{"start":{"line":410,"column":4},"end":{"line":416,"column":4}}},"14":{"name":"getStake","line":420,"loc":{"start":{"line":420,"column":4},"end":{"line":422,"column":4}}},"15":{"name":"token","line":425,"loc":{"start":{"line":425,"column":4},"end":{"line":427,"column":4}}},"16":{"name":"tokenBalance","line":430,"loc":{"start":{"line":430,"column":4},"end":{"line":432,"column":4}}},"17":{"name":"isMarketOpen","line":436,"loc":{"start":{"line":436,"column":4},"end":{"line":441,"column":4}}}},"statementMap":{"1":{"start":{"line":85,"column":8},"end":{"line":85,"column":22}},"2":{"start":{"line":100,"column":8},"end":{"line":100,"column":3053}},"3":{"start":{"line":104,"column":8},"end":{"line":104,"column":63}},"4":{"start":{"line":105,"column":8},"end":{"line":105,"column":3237}},"5":{"start":{"line":109,"column":8},"end":{"line":109,"column":69}},"6":{"start":{"line":112,"column":8},"end":{"line":112,"column":51}},"7":{"start":{"line":113,"column":8},"end":{"line":113,"column":30}},"8":{"start":{"line":114,"column":8},"end":{"line":114,"column":34}},"9":{"start":{"line":115,"column":8},"end":{"line":115,"column":40}},"10":{"start":{"line":116,"column":8},"end":{"line":116,"column":40}},"11":{"start":{"line":117,"column":8},"end":{"line":117,"column":38}},"12":{"start":{"line":119,"column":8},"end":{"line":119,"column":74}},"13":{"start":{"line":131,"column":8},"end":{"line":131,"column":49}},"14":{"start":{"line":132,"column":8},"end":{"line":132,"column":55}},"15":{"start":{"line":135,"column":8},"end":{"line":135,"column":25}},"16":{"start":{"line":136,"column":8},"end":{"line":136,"column":26}},"17":{"start":{"line":137,"column":8},"end":{"line":137,"column":70}},"18":{"start":{"line":140,"column":8},"end":{"line":140,"column":51}},"19":{"start":{"line":141,"column":8},"end":{"line":141,"column":4633}},"20":{"start":{"line":145,"column":8},"end":{"line":145,"column":61}},"21":{"start":{"line":148,"column":8},"end":{"line":148,"column":54}},"22":{"start":{"line":149,"column":8},"end":{"line":149,"column":4917}},"23":{"start":{"line":154,"column":8},"end":{"line":154,"column":60}},"24":{"start":{"line":155,"column":8},"end":{"line":155,"column":31}},"25":{"start":{"line":157,"column":8},"end":{"line":157,"column":5150}},"26":{"start":{"line":159,"column":12},"end":{"line":159,"column":29}},"27":{"start":{"line":160,"column":12},"end":{"line":160,"column":39}},"28":{"start":{"line":161,"column":12},"end":{"line":161,"column":43}},"29":{"start":{"line":162,"column":12},"end":{"line":162,"column":37}},"30":{"start":{"line":163,"column":12},"end":{"line":163,"column":39}},"31":{"start":{"line":165,"column":12},"end":{"line":165,"column":47}},"32":{"start":{"line":166,"column":12},"end":{"line":166,"column":55}},"33":{"start":{"line":169,"column":12},"end":{"line":169,"column":43}},"34":{"start":{"line":173,"column":8},"end":{"line":173,"column":41}},"35":{"start":{"line":174,"column":8},"end":{"line":174,"column":44}},"36":{"start":{"line":177,"column":8},"end":{"line":177,"column":63}},"37":{"start":{"line":178,"column":8},"end":{"line":178,"column":22}},"38":{"start":{"line":180,"column":8},"end":{"line":180,"column":5919}},"39":{"start":{"line":188,"column":8},"end":{"line":188,"column":47}},"40":{"start":{"line":195,"column":8},"end":{"line":195,"column":52}},"41":{"start":{"line":198,"column":8},"end":{"line":198,"column":59}},"42":{"start":{"line":201,"column":8},"end":{"line":201,"column":67}},"43":{"start":{"line":204,"column":8},"end":{"line":204,"column":56}},"44":{"start":{"line":205,"column":8},"end":{"line":205,"column":71}},"45":{"start":{"line":208,"column":8},"end":{"line":208,"column":55}},"46":{"start":{"line":209,"column":8},"end":{"line":209,"column":52}},"47":{"start":{"line":212,"column":8},"end":{"line":212,"column":61}},"48":{"start":{"line":213,"column":8},"end":{"line":213,"column":7113}},"49":{"start":{"line":216,"column":8},"end":{"line":216,"column":60}},"50":{"start":{"line":219,"column":8},"end":{"line":219,"column":41}},"51":{"start":{"line":220,"column":8},"end":{"line":220,"column":44}},"52":{"start":{"line":223,"column":8},"end":{"line":223,"column":54}},"53":{"start":{"line":224,"column":8},"end":{"line":224,"column":22}},"54":{"start":{"line":226,"column":8},"end":{"line":226,"column":7595}},"55":{"start":{"line":253,"column":8},"end":{"line":253,"column":51}},"56":{"start":{"line":256,"column":8},"end":{"line":256,"column":40}},"57":{"start":{"line":257,"column":8},"end":{"line":257,"column":8335}},"58":{"start":{"line":258,"column":12},"end":{"line":258,"column":36}},"59":{"start":{"line":261,"column":8},"end":{"line":261,"column":8467}},"60":{"start":{"line":281,"column":8},"end":{"line":281,"column":51}},"61":{"start":{"line":283,"column":8},"end":{"line":283,"column":9188}},"62":{"start":{"line":287,"column":8},"end":{"line":287,"column":9310}},"63":{"start":{"line":291,"column":8},"end":{"line":291,"column":9432}},"64":{"start":{"line":296,"column":8},"end":{"line":296,"column":43}},"65":{"start":{"line":298,"column":8},"end":{"line":298,"column":42}},"66":{"start":{"line":299,"column":8},"end":{"line":299,"column":42}},"67":{"start":{"line":300,"column":8},"end":{"line":300,"column":46}},"68":{"start":{"line":302,"column":8},"end":{"line":302,"column":74}},"69":{"start":{"line":309,"column":8},"end":{"line":309,"column":51}},"70":{"start":{"line":312,"column":8},"end":{"line":312,"column":10169}},"71":{"start":{"line":316,"column":8},"end":{"line":316,"column":10285}},"72":{"start":{"line":320,"column":8},"end":{"line":320,"column":10416}},"73":{"start":{"line":325,"column":8},"end":{"line":325,"column":10631}},"74":{"start":{"line":329,"column":8},"end":{"line":329,"column":10788}},"75":{"start":{"line":333,"column":8},"end":{"line":333,"column":10951}},"76":{"start":{"line":339,"column":8},"end":{"line":339,"column":43}},"77":{"start":{"line":340,"column":8},"end":{"line":340,"column":51}},"78":{"start":{"line":341,"column":8},"end":{"line":341,"column":30}},"79":{"start":{"line":343,"column":8},"end":{"line":343,"column":74}},"80":{"start":{"line":355,"column":8},"end":{"line":355,"column":59}},"81":{"start":{"line":357,"column":8},"end":{"line":357,"column":38}},"82":{"start":{"line":367,"column":8},"end":{"line":367,"column":57}},"83":{"start":{"line":369,"column":8},"end":{"line":369,"column":46}},"84":{"start":{"line":371,"column":8},"end":{"line":371,"column":69}},"85":{"start":{"line":373,"column":8},"end":{"line":373,"column":56}},"86":{"start":{"line":375,"column":8},"end":{"line":375,"column":74}},"87":{"start":{"line":377,"column":8},"end":{"line":377,"column":25}},"88":{"start":{"line":383,"column":8},"end":{"line":383,"column":54}},"89":{"start":{"line":395,"column":8},"end":{"line":395,"column":62}},"90":{"start":{"line":405,"column":8},"end":{"line":405,"column":45}},"91":{"start":{"line":415,"column":8},"end":{"line":415,"column":38}},"92":{"start":{"line":421,"column":8},"end":{"line":421,"column":40}},"93":{"start":{"line":426,"column":8},"end":{"line":426,"column":21}},"94":{"start":{"line":431,"column":8},"end":{"line":431,"column":28}},"95":{"start":{"line":437,"column":8},"end":{"line":437,"column":51}},"96":{"start":{"line":438,"column":8},"end":{"line":438,"column":14475}}},"branchMap":{"1":{"line":100,"type":"if","locations":[{"start":{"line":100,"column":8},"end":{"line":100,"column":8}},{"start":{"line":100,"column":8},"end":{"line":100,"column":8}}]},"2":{"line":104,"type":"if","locations":[{"start":{"line":104,"column":8},"end":{"line":104,"column":8}},{"start":{"line":104,"column":8},"end":{"line":104,"column":8}}]},"3":{"line":105,"type":"if","locations":[{"start":{"line":105,"column":8},"end":{"line":105,"column":8}},{"start":{"line":105,"column":8},"end":{"line":105,"column":8}}]},"4":{"line":109,"type":"if","locations":[{"start":{"line":109,"column":8},"end":{"line":109,"column":8}},{"start":{"line":109,"column":8},"end":{"line":109,"column":8}}]},"5":{"line":131,"type":"if","locations":[{"start":{"line":131,"column":8},"end":{"line":131,"column":8}},{"start":{"line":131,"column":8},"end":{"line":131,"column":8}}]},"6":{"line":132,"type":"if","locations":[{"start":{"line":132,"column":8},"end":{"line":132,"column":8}},{"start":{"line":132,"column":8},"end":{"line":132,"column":8}}]},"7":{"line":141,"type":"if","locations":[{"start":{"line":141,"column":8},"end":{"line":141,"column":8}},{"start":{"line":141,"column":8},"end":{"line":141,"column":8}}]},"8":{"line":145,"type":"if","locations":[{"start":{"line":145,"column":8},"end":{"line":145,"column":8}},{"start":{"line":145,"column":8},"end":{"line":145,"column":8}}]},"9":{"line":157,"type":"if","locations":[{"start":{"line":157,"column":8},"end":{"line":157,"column":8}},{"start":{"line":157,"column":8},"end":{"line":157,"column":8}}]},"10":{"line":195,"type":"if","locations":[{"start":{"line":195,"column":8},"end":{"line":195,"column":8}},{"start":{"line":195,"column":8},"end":{"line":195,"column":8}}]},"11":{"line":201,"type":"if","locations":[{"start":{"line":201,"column":8},"end":{"line":201,"column":8}},{"start":{"line":201,"column":8},"end":{"line":201,"column":8}}]},"12":{"line":205,"type":"if","locations":[{"start":{"line":205,"column":8},"end":{"line":205,"column":8}},{"start":{"line":205,"column":8},"end":{"line":205,"column":8}}]},"13":{"line":257,"type":"if","locations":[{"start":{"line":257,"column":8},"end":{"line":257,"column":8}},{"start":{"line":257,"column":8},"end":{"line":257,"column":8}}]},"14":{"line":283,"type":"if","locations":[{"start":{"line":283,"column":8},"end":{"line":283,"column":8}},{"start":{"line":283,"column":8},"end":{"line":283,"column":8}}]},"15":{"line":287,"type":"if","locations":[{"start":{"line":287,"column":8},"end":{"line":287,"column":8}},{"start":{"line":287,"column":8},"end":{"line":287,"column":8}}]},"16":{"line":291,"type":"if","locations":[{"start":{"line":291,"column":8},"end":{"line":291,"column":8}},{"start":{"line":291,"column":8},"end":{"line":291,"column":8}}]},"17":{"line":312,"type":"if","locations":[{"start":{"line":312,"column":8},"end":{"line":312,"column":8}},{"start":{"line":312,"column":8},"end":{"line":312,"column":8}}]},"18":{"line":316,"type":"if","locations":[{"start":{"line":316,"column":8},"end":{"line":316,"column":8}},{"start":{"line":316,"column":8},"end":{"line":316,"column":8}}]},"19":{"line":320,"type":"if","locations":[{"start":{"line":320,"column":8},"end":{"line":320,"column":8}},{"start":{"line":320,"column":8},"end":{"line":320,"column":8}}]},"20":{"line":325,"type":"if","locations":[{"start":{"line":325,"column":8},"end":{"line":325,"column":8}},{"start":{"line":325,"column":8},"end":{"line":325,"column":8}}]},"21":{"line":329,"type":"if","locations":[{"start":{"line":329,"column":8},"end":{"line":329,"column":8}},{"start":{"line":329,"column":8},"end":{"line":329,"column":8}}]},"22":{"line":333,"type":"if","locations":[{"start":{"line":333,"column":8},"end":{"line":333,"column":8}},{"start":{"line":333,"column":8},"end":{"line":333,"column":8}}]}}},
"contracts\\WFAIRToken.sol":{"l":{"10":0},"path":"C:\\Users\\Guilherme Mussi\\git\\Distamarkets\\contracts\\WFAIRToken.sol","s":{"1":0},"b":{},"f":{"1":0},"fnMap":{"1":{"name":"constructor","line":9,"loc":{"start":{"line":9,"column":4},"end":{"line":11,"column":4}}}},"statementMap":{"1":{"start":{"line":10,"column":8},"end":{"line":10,"column":38}}},"branchMap":{}}}
