{
"contracts\\Distamarkets.sol":{"l":{"78":93,"93":31,"97":31,"98":31,"102":31,"105":31,"106":31,"107":31,"108":31,"109":31,"110":31,"112":31,"124":34,"125":33,"128":32,"129":32,"130":32,"133":32,"134":32,"138":31,"144":30,"145":30,"149":30,"158":30,"163":30,"164":30,"166":30,"174":1,"176":1,"179":1,"185":1,"189":1,"192":1,"193":1,"194":1,"197":1,"199":1,"211":6,"214":5,"215":5,"218":5,"224":4,"227":3,"228":3,"231":3,"232":3,"235":3,"238":3,"241":3,"242":3,"244":3,"271":10,"272":10,"273":10,"291":5,"295":4,"300":3,"306":3,"316":14,"317":14,"319":14,"323":13,"328":11,"333":11,"334":11,"335":11,"337":11,"344":1,"348":1,"350":1,"356":1,"357":1,"364":10,"365":10,"368":10,"369":9,"373":8,"378":6,"382":6,"386":6,"392":5,"394":5,"402":2,"407":1,"408":1,"411":1,"414":1,"417":1,"418":1,"423":1,"435":4,"447":5,"449":5,"458":33,"470":4,"476":2,"478":2,"481":2,"482":2,"485":1,"488":1,"493":1,"498":1,"509":79,"510":79,"514":13,"519":7,"521":59},"path":"C:\\Users\\Guilherme Mussi\\git\\Distamarkets\\contracts\\Distamarkets.sol","s":{"1":93,"2":31,"3":31,"4":31,"5":31,"6":31,"7":31,"8":31,"9":31,"10":31,"11":31,"12":31,"13":34,"14":33,"15":32,"16":32,"17":32,"18":32,"19":32,"20":31,"21":30,"22":30,"23":30,"24":30,"25":30,"26":30,"27":30,"28":1,"29":1,"30":1,"31":1,"32":1,"33":1,"34":1,"35":1,"36":1,"37":1,"38":6,"39":5,"40":5,"41":5,"42":4,"43":3,"44":3,"45":3,"46":3,"47":3,"48":3,"49":3,"50":3,"51":3,"52":10,"53":10,"54":10,"55":5,"56":4,"57":3,"58":3,"59":14,"60":14,"61":14,"62":13,"63":11,"64":11,"65":11,"66":11,"67":11,"68":1,"69":1,"70":1,"71":1,"72":1,"73":10,"74":10,"75":10,"76":9,"77":8,"78":6,"79":6,"80":6,"81":5,"82":5,"83":2,"84":1,"85":1,"86":1,"87":1,"88":1,"89":1,"90":1,"91":4,"92":5,"93":5,"94":33,"95":4,"96":2,"97":2,"98":2,"99":2,"100":1,"101":1,"102":1,"103":1,"104":79,"105":79,"106":13,"107":66,"108":7,"109":59},"b":{"1":[31,0],"2":[31,0],"3":[31,0],"4":[31,0],"5":[33,1],"6":[32,1],"7":[31,1],"8":[30,1],"9":[1,0],"10":[5,1],"11":[4,1],"12":[3,1],"13":[4,1],"14":[3,1],"15":[13,1],"16":[11,2],"17":[11,0],"18":[1,0],"19":[1,0],"20":[9,1],"21":[8,1],"22":[6,2],"23":[6,0],"24":[6,0],"25":[5,1],"26":[1,1],"27":[1,0],"28":[2,0],"29":[2,0],"30":[1,1],"31":[13,66],"32":[7,59]},"f":{"1":93,"2":31,"3":34,"4":1,"5":6,"6":10,"7":5,"8":14,"9":1,"10":10,"11":2,"12":4,"13":5,"14":33,"15":4,"16":2,"17":1,"18":1,"19":79},"fnMap":{"1":{"name":"constructor","line":77,"loc":{"start":{"line":77,"column":4},"end":{"line":79,"column":4}}},"2":{"name":"createMarket","line":87,"loc":{"start":{"line":87,"column":4},"end":{"line":113,"column":4}}},"3":{"name":"onApprovalReceived","line":119,"loc":{"start":{"line":119,"column":4},"end":{"line":167,"column":4}}},"4":{"name":"refund","line":172,"loc":{"start":{"line":172,"column":4},"end":{"line":200,"column":4}}},"5":{"name":"removeStake","line":206,"loc":{"start":{"line":206,"column":4},"end":{"line":251,"column":4}}},"6":{"name":"getMarket","line":255,"loc":{"start":{"line":255,"column":4},"end":{"line":284,"column":4}}},"7":{"name":"disputeMarket","line":290,"loc":{"start":{"line":290,"column":4},"end":{"line":307,"column":4}}},"8":{"name":"resolveMarket","line":313,"loc":{"start":{"line":313,"column":4},"end":{"line":338,"column":4}}},"9":{"name":"closeMarket","line":343,"loc":{"start":{"line":343,"column":4},"end":{"line":358,"column":4}}},"10":{"name":"cancelMarket","line":363,"loc":{"start":{"line":363,"column":4},"end":{"line":395,"column":4}}},"11":{"name":"withdrawReward","line":401,"loc":{"start":{"line":401,"column":4},"end":{"line":424,"column":4}}},"12":{"name":"calculateReward","line":430,"loc":{"start":{"line":430,"column":4},"end":{"line":436,"column":4}}},"13":{"name":"_calculateReward","line":442,"loc":{"start":{"line":442,"column":4},"end":{"line":453,"column":4}}},"14":{"name":"updateBalance","line":456,"loc":{"start":{"line":456,"column":4},"end":{"line":459,"column":4}}},"15":{"name":"getStake","line":465,"loc":{"start":{"line":465,"column":4},"end":{"line":471,"column":4}}},"16":{"name":"collectFees","line":475,"loc":{"start":{"line":475,"column":4},"end":{"line":489,"column":4}}},"17":{"name":"token","line":492,"loc":{"start":{"line":492,"column":4},"end":{"line":494,"column":4}}},"18":{"name":"tokenBalance","line":497,"loc":{"start":{"line":497,"column":4},"end":{"line":499,"column":4}}},"19":{"name":"_getMarketState","line":503,"loc":{"start":{"line":503,"column":4},"end":{"line":522,"column":4}}}},"statementMap":{"1":{"start":{"line":78,"column":8},"end":{"line":78,"column":22}},"2":{"start":{"line":93,"column":8},"end":{"line":93,"column":2974}},"3":{"start":{"line":97,"column":8},"end":{"line":97,"column":63}},"4":{"start":{"line":98,"column":8},"end":{"line":98,"column":3158}},"5":{"start":{"line":102,"column":8},"end":{"line":102,"column":69}},"6":{"start":{"line":105,"column":8},"end":{"line":105,"column":51}},"7":{"start":{"line":106,"column":8},"end":{"line":106,"column":30}},"8":{"start":{"line":107,"column":8},"end":{"line":107,"column":34}},"9":{"start":{"line":108,"column":8},"end":{"line":108,"column":40}},"10":{"start":{"line":109,"column":8},"end":{"line":109,"column":40}},"11":{"start":{"line":110,"column":8},"end":{"line":110,"column":38}},"12":{"start":{"line":112,"column":8},"end":{"line":112,"column":74}},"13":{"start":{"line":124,"column":8},"end":{"line":124,"column":49}},"14":{"start":{"line":125,"column":8},"end":{"line":125,"column":55}},"15":{"start":{"line":128,"column":8},"end":{"line":128,"column":25}},"16":{"start":{"line":129,"column":8},"end":{"line":129,"column":26}},"17":{"start":{"line":130,"column":8},"end":{"line":130,"column":70}},"18":{"start":{"line":133,"column":8},"end":{"line":133,"column":51}},"19":{"start":{"line":134,"column":8},"end":{"line":134,"column":4554}},"20":{"start":{"line":138,"column":8},"end":{"line":138,"column":4673}},"21":{"start":{"line":144,"column":8},"end":{"line":144,"column":54}},"22":{"start":{"line":145,"column":8},"end":{"line":145,"column":4895}},"23":{"start":{"line":149,"column":8},"end":{"line":149,"column":4998}},"24":{"start":{"line":158,"column":8},"end":{"line":158,"column":5250}},"25":{"start":{"line":163,"column":8},"end":{"line":163,"column":63}},"26":{"start":{"line":164,"column":8},"end":{"line":164,"column":22}},"27":{"start":{"line":166,"column":8},"end":{"line":166,"column":47}},"28":{"start":{"line":174,"column":8},"end":{"line":174,"column":51}},"29":{"start":{"line":176,"column":8},"end":{"line":176,"column":63}},"30":{"start":{"line":179,"column":8},"end":{"line":179,"column":5969}},"31":{"start":{"line":185,"column":8},"end":{"line":185,"column":6188}},"32":{"start":{"line":189,"column":8},"end":{"line":189,"column":59}},"33":{"start":{"line":192,"column":8},"end":{"line":192,"column":60}},"34":{"start":{"line":193,"column":8},"end":{"line":193,"column":68}},"35":{"start":{"line":194,"column":8},"end":{"line":194,"column":6523}},"36":{"start":{"line":197,"column":8},"end":{"line":197,"column":48}},"37":{"start":{"line":199,"column":8},"end":{"line":199,"column":72}},"38":{"start":{"line":211,"column":8},"end":{"line":211,"column":52}},"39":{"start":{"line":214,"column":8},"end":{"line":214,"column":51}},"40":{"start":{"line":215,"column":8},"end":{"line":215,"column":66}},"41":{"start":{"line":218,"column":8},"end":{"line":218,"column":7393}},"42":{"start":{"line":224,"column":8},"end":{"line":224,"column":69}},"43":{"start":{"line":227,"column":8},"end":{"line":227,"column":55}},"44":{"start":{"line":228,"column":8},"end":{"line":228,"column":52}},"45":{"start":{"line":231,"column":8},"end":{"line":231,"column":61}},"46":{"start":{"line":232,"column":8},"end":{"line":232,"column":7918}},"47":{"start":{"line":235,"column":8},"end":{"line":235,"column":60}},"48":{"start":{"line":238,"column":8},"end":{"line":238,"column":67}},"49":{"start":{"line":241,"column":8},"end":{"line":241,"column":54}},"50":{"start":{"line":242,"column":8},"end":{"line":242,"column":22}},"51":{"start":{"line":244,"column":8},"end":{"line":244,"column":8370}},"52":{"start":{"line":271,"column":8},"end":{"line":271,"column":51}},"53":{"start":{"line":272,"column":8},"end":{"line":272,"column":41}},"54":{"start":{"line":273,"column":8},"end":{"line":273,"column":9064}},"55":{"start":{"line":291,"column":8},"end":{"line":291,"column":9672}},"56":{"start":{"line":295,"column":8},"end":{"line":295,"column":9803}},"57":{"start":{"line":300,"column":8},"end":{"line":300,"column":9948}},"58":{"start":{"line":306,"column":8},"end":{"line":306,"column":55}},"59":{"start":{"line":316,"column":8},"end":{"line":316,"column":51}},"60":{"start":{"line":317,"column":8},"end":{"line":317,"column":57}},"61":{"start":{"line":319,"column":8},"end":{"line":319,"column":10624}},"62":{"start":{"line":323,"column":8},"end":{"line":323,"column":10746}},"63":{"start":{"line":328,"column":8},"end":{"line":328,"column":10867}},"64":{"start":{"line":333,"column":8},"end":{"line":333,"column":42}},"65":{"start":{"line":334,"column":8},"end":{"line":334,"column":57}},"66":{"start":{"line":335,"column":8},"end":{"line":335,"column":46}},"67":{"start":{"line":337,"column":8},"end":{"line":337,"column":74}},"68":{"start":{"line":344,"column":8},"end":{"line":344,"column":11478}},"69":{"start":{"line":348,"column":8},"end":{"line":348,"column":77}},"70":{"start":{"line":350,"column":8},"end":{"line":350,"column":11688}},"71":{"start":{"line":356,"column":8},"end":{"line":356,"column":53}},"72":{"start":{"line":357,"column":8},"end":{"line":357,"column":59}},"73":{"start":{"line":364,"column":8},"end":{"line":364,"column":57}},"74":{"start":{"line":365,"column":8},"end":{"line":365,"column":51}},"75":{"start":{"line":368,"column":8},"end":{"line":368,"column":75}},"76":{"start":{"line":369,"column":8},"end":{"line":369,"column":12405}},"77":{"start":{"line":373,"column":8},"end":{"line":373,"column":12532}},"78":{"start":{"line":378,"column":8},"end":{"line":378,"column":12743}},"79":{"start":{"line":382,"column":8},"end":{"line":382,"column":12896}},"80":{"start":{"line":386,"column":8},"end":{"line":386,"column":13055}},"81":{"start":{"line":392,"column":8},"end":{"line":392,"column":42}},"82":{"start":{"line":394,"column":8},"end":{"line":394,"column":74}},"83":{"start":{"line":402,"column":8},"end":{"line":402,"column":13691}},"84":{"start":{"line":407,"column":8},"end":{"line":407,"column":76}},"85":{"start":{"line":408,"column":8},"end":{"line":408,"column":13951}},"86":{"start":{"line":411,"column":8},"end":{"line":411,"column":62}},"87":{"start":{"line":414,"column":8},"end":{"line":414,"column":57}},"88":{"start":{"line":417,"column":8},"end":{"line":417,"column":61}},"89":{"start":{"line":418,"column":8},"end":{"line":418,"column":14271}},"90":{"start":{"line":423,"column":8},"end":{"line":423,"column":72}},"91":{"start":{"line":435,"column":8},"end":{"line":435,"column":61}},"92":{"start":{"line":447,"column":8},"end":{"line":447,"column":76}},"93":{"start":{"line":449,"column":8},"end":{"line":449,"column":15411}},"94":{"start":{"line":458,"column":8},"end":{"line":458,"column":54}},"95":{"start":{"line":470,"column":8},"end":{"line":470,"column":60}},"96":{"start":{"line":476,"column":8},"end":{"line":476,"column":88}},"97":{"start":{"line":478,"column":8},"end":{"line":478,"column":51}},"98":{"start":{"line":481,"column":8},"end":{"line":481,"column":61}},"99":{"start":{"line":482,"column":8},"end":{"line":482,"column":70}},"100":{"start":{"line":485,"column":8},"end":{"line":485,"column":59}},"101":{"start":{"line":488,"column":8},"end":{"line":488,"column":30}},"102":{"start":{"line":493,"column":8},"end":{"line":493,"column":21}},"103":{"start":{"line":498,"column":8},"end":{"line":498,"column":28}},"104":{"start":{"line":509,"column":8},"end":{"line":509,"column":51}},"105":{"start":{"line":510,"column":8},"end":{"line":510,"column":17583}},"106":{"start":{"line":514,"column":12},"end":{"line":514,"column":36}},"107":{"start":{"line":515,"column":15},"end":{"line":515,"column":17750}},"108":{"start":{"line":519,"column":12},"end":{"line":519,"column":37}},"109":{"start":{"line":521,"column":8},"end":{"line":521,"column":27}}},"branchMap":{"1":{"line":93,"type":"if","locations":[{"start":{"line":93,"column":8},"end":{"line":93,"column":8}},{"start":{"line":93,"column":8},"end":{"line":93,"column":8}}]},"2":{"line":97,"type":"if","locations":[{"start":{"line":97,"column":8},"end":{"line":97,"column":8}},{"start":{"line":97,"column":8},"end":{"line":97,"column":8}}]},"3":{"line":98,"type":"if","locations":[{"start":{"line":98,"column":8},"end":{"line":98,"column":8}},{"start":{"line":98,"column":8},"end":{"line":98,"column":8}}]},"4":{"line":102,"type":"if","locations":[{"start":{"line":102,"column":8},"end":{"line":102,"column":8}},{"start":{"line":102,"column":8},"end":{"line":102,"column":8}}]},"5":{"line":124,"type":"if","locations":[{"start":{"line":124,"column":8},"end":{"line":124,"column":8}},{"start":{"line":124,"column":8},"end":{"line":124,"column":8}}]},"6":{"line":125,"type":"if","locations":[{"start":{"line":125,"column":8},"end":{"line":125,"column":8}},{"start":{"line":125,"column":8},"end":{"line":125,"column":8}}]},"7":{"line":134,"type":"if","locations":[{"start":{"line":134,"column":8},"end":{"line":134,"column":8}},{"start":{"line":134,"column":8},"end":{"line":134,"column":8}}]},"8":{"line":138,"type":"if","locations":[{"start":{"line":138,"column":8},"end":{"line":138,"column":8}},{"start":{"line":138,"column":8},"end":{"line":138,"column":8}}]},"9":{"line":179,"type":"if","locations":[{"start":{"line":179,"column":8},"end":{"line":179,"column":8}},{"start":{"line":179,"column":8},"end":{"line":179,"column":8}}]},"10":{"line":211,"type":"if","locations":[{"start":{"line":211,"column":8},"end":{"line":211,"column":8}},{"start":{"line":211,"column":8},"end":{"line":211,"column":8}}]},"11":{"line":218,"type":"if","locations":[{"start":{"line":218,"column":8},"end":{"line":218,"column":8}},{"start":{"line":218,"column":8},"end":{"line":218,"column":8}}]},"12":{"line":224,"type":"if","locations":[{"start":{"line":224,"column":8},"end":{"line":224,"column":8}},{"start":{"line":224,"column":8},"end":{"line":224,"column":8}}]},"13":{"line":291,"type":"if","locations":[{"start":{"line":291,"column":8},"end":{"line":291,"column":8}},{"start":{"line":291,"column":8},"end":{"line":291,"column":8}}]},"14":{"line":295,"type":"if","locations":[{"start":{"line":295,"column":8},"end":{"line":295,"column":8}},{"start":{"line":295,"column":8},"end":{"line":295,"column":8}}]},"15":{"line":319,"type":"if","locations":[{"start":{"line":319,"column":8},"end":{"line":319,"column":8}},{"start":{"line":319,"column":8},"end":{"line":319,"column":8}}]},"16":{"line":323,"type":"if","locations":[{"start":{"line":323,"column":8},"end":{"line":323,"column":8}},{"start":{"line":323,"column":8},"end":{"line":323,"column":8}}]},"17":{"line":328,"type":"if","locations":[{"start":{"line":328,"column":8},"end":{"line":328,"column":8}},{"start":{"line":328,"column":8},"end":{"line":328,"column":8}}]},"18":{"line":344,"type":"if","locations":[{"start":{"line":344,"column":8},"end":{"line":344,"column":8}},{"start":{"line":344,"column":8},"end":{"line":344,"column":8}}]},"19":{"line":348,"type":"if","locations":[{"start":{"line":348,"column":8},"end":{"line":348,"column":8}},{"start":{"line":348,"column":8},"end":{"line":348,"column":8}}]},"20":{"line":368,"type":"if","locations":[{"start":{"line":368,"column":8},"end":{"line":368,"column":8}},{"start":{"line":368,"column":8},"end":{"line":368,"column":8}}]},"21":{"line":369,"type":"if","locations":[{"start":{"line":369,"column":8},"end":{"line":369,"column":8}},{"start":{"line":369,"column":8},"end":{"line":369,"column":8}}]},"22":{"line":373,"type":"if","locations":[{"start":{"line":373,"column":8},"end":{"line":373,"column":8}},{"start":{"line":373,"column":8},"end":{"line":373,"column":8}}]},"23":{"line":378,"type":"if","locations":[{"start":{"line":378,"column":8},"end":{"line":378,"column":8}},{"start":{"line":378,"column":8},"end":{"line":378,"column":8}}]},"24":{"line":382,"type":"if","locations":[{"start":{"line":382,"column":8},"end":{"line":382,"column":8}},{"start":{"line":382,"column":8},"end":{"line":382,"column":8}}]},"25":{"line":386,"type":"if","locations":[{"start":{"line":386,"column":8},"end":{"line":386,"column":8}},{"start":{"line":386,"column":8},"end":{"line":386,"column":8}}]},"26":{"line":402,"type":"if","locations":[{"start":{"line":402,"column":8},"end":{"line":402,"column":8}},{"start":{"line":402,"column":8},"end":{"line":402,"column":8}}]},"27":{"line":411,"type":"if","locations":[{"start":{"line":411,"column":8},"end":{"line":411,"column":8}},{"start":{"line":411,"column":8},"end":{"line":411,"column":8}}]},"28":{"line":476,"type":"if","locations":[{"start":{"line":476,"column":8},"end":{"line":476,"column":8}},{"start":{"line":476,"column":8},"end":{"line":476,"column":8}}]},"29":{"line":481,"type":"if","locations":[{"start":{"line":481,"column":8},"end":{"line":481,"column":8}},{"start":{"line":481,"column":8},"end":{"line":481,"column":8}}]},"30":{"line":482,"type":"if","locations":[{"start":{"line":482,"column":8},"end":{"line":482,"column":8}},{"start":{"line":482,"column":8},"end":{"line":482,"column":8}}]},"31":{"line":510,"type":"if","locations":[{"start":{"line":510,"column":8},"end":{"line":510,"column":8}},{"start":{"line":510,"column":8},"end":{"line":510,"column":8}}]},"32":{"line":515,"type":"if","locations":[{"start":{"line":515,"column":15},"end":{"line":515,"column":15}},{"start":{"line":515,"column":15},"end":{"line":515,"column":15}}]}}},
"contracts\\WFAIRToken.sol":{"l":{"10":93},"path":"C:\\Users\\Guilherme Mussi\\git\\Distamarkets\\contracts\\WFAIRToken.sol","s":{"1":93},"b":{},"f":{"1":93},"fnMap":{"1":{"name":"constructor","line":9,"loc":{"start":{"line":9,"column":4},"end":{"line":11,"column":4}}}},"statementMap":{"1":{"start":{"line":10,"column":8},"end":{"line":10,"column":38}}},"branchMap":{}}}
