TN:
SF:C:\Users\Guilherme Mussi\git\Distamarkets\contracts\Distamarkets.sol
FN:84,constructor
FN:94,createMarket
FN:126,onApprovalReceived
FN:194,refund
FN:223,removeStake
FN:267,getMarket
FN:308,resolveMarket
FN:338,cancelMarket
FN:384,calculateReward
FN:392,_calculateReward
FN:411,updateBalance
FN:420,getStakeId
FN:430,getMarketTotalStake
FN:440,getUserStakes
FN:450,getStake
FN:455,token
FN:460,tokenBalance
FN:466,isMarketOpen
FNF:18
FNH:18
FNDA:78,constructor
FNDA:24,createMarket
FNDA:23,onApprovalReceived
FNDA:1,refund
FNDA:5,removeStake
FNDA:6,getMarket
FNDA:4,resolveMarket
FNDA:8,cancelMarket
FNDA:4,calculateReward
FNDA:4,_calculateReward
FNDA:21,updateBalance
FNDA:13,getStakeId
FNDA:1,getMarketTotalStake
FNDA:1,getUserStakes
FNDA:4,getStake
FNDA:1,token
FNDA:1,tokenBalance
FNDA:24,isMarketOpen
DA:85,78
DA:100,24
DA:104,24
DA:105,24
DA:109,24
DA:112,24
DA:113,24
DA:114,24
DA:115,24
DA:116,24
DA:117,24
DA:119,24
DA:131,23
DA:132,22
DA:135,21
DA:136,21
DA:137,21
DA:140,21
DA:141,21
DA:145,20
DA:148,19
DA:149,19
DA:154,19
DA:155,19
DA:157,19
DA:159,18
DA:160,18
DA:161,18
DA:162,18
DA:163,18
DA:164,18
DA:166,18
DA:167,18
DA:170,1
DA:174,19
DA:175,19
DA:178,19
DA:179,19
DA:181,19
DA:189,19
DA:196,1
DA:197,1
DA:199,1
DA:201,1
DA:202,1
DA:203,1
DA:206,1
DA:209,1
DA:212,1
DA:213,1
DA:214,1
DA:215,1
DA:217,1
DA:224,5
DA:227,4
DA:230,4
DA:231,3
DA:234,3
DA:235,3
DA:238,2
DA:239,2
DA:242,2
DA:243,2
DA:246,2
DA:249,2
DA:250,2
DA:253,2
DA:254,2
DA:256,2
DA:283,6
DA:286,6
DA:287,6
DA:288,2
DA:291,6
DA:311,4
DA:313,4
DA:317,4
DA:321,4
DA:326,3
DA:328,3
DA:329,3
DA:330,3
DA:332,3
DA:339,8
DA:342,8
DA:346,7
DA:350,7
DA:355,5
DA:359,5
DA:363,5
DA:369,4
DA:370,4
DA:371,4
DA:373,4
DA:385,4
DA:387,4
DA:397,4
DA:399,4
DA:401,4
DA:403,4
DA:405,4
DA:407,4
DA:413,21
DA:425,13
DA:435,1
DA:445,1
DA:451,4
DA:456,1
DA:461,1
DA:467,24
DA:468,24
LF:111
LH:111
BRDA:100,1,0,24
BRDA:100,1,1,0
BRDA:104,2,0,24
BRDA:104,2,1,0
BRDA:105,3,0,24
BRDA:105,3,1,0
BRDA:109,4,0,24
BRDA:109,4,1,0
BRDA:131,5,0,22
BRDA:131,5,1,1
BRDA:132,6,0,21
BRDA:132,6,1,1
BRDA:141,7,0,20
BRDA:141,7,1,1
BRDA:145,8,0,19
BRDA:145,8,1,1
BRDA:157,9,0,18
BRDA:157,9,1,1
BRDA:199,10,0,1
BRDA:199,10,1,0
BRDA:224,11,0,4
BRDA:224,11,1,1
BRDA:230,12,0,3
BRDA:230,12,1,1
BRDA:231,13,0,3
BRDA:231,13,1,0
BRDA:235,14,0,2
BRDA:235,14,1,1
BRDA:287,15,0,2
BRDA:287,15,1,4
BRDA:313,16,0,4
BRDA:313,16,1,0
BRDA:317,17,0,4
BRDA:317,17,1,0
BRDA:321,18,0,3
BRDA:321,18,1,1
BRDA:342,19,0,7
BRDA:342,19,1,1
BRDA:346,20,0,7
BRDA:346,20,1,0
BRDA:350,21,0,5
BRDA:350,21,1,2
BRDA:355,22,0,5
BRDA:355,22,1,0
BRDA:359,23,0,5
BRDA:359,23,1,0
BRDA:363,24,0,4
BRDA:363,24,1,1
BRF:48
BRH:37
end_of_record
TN:
SF:C:\Users\Guilherme Mussi\git\Distamarkets\contracts\WFAIRToken.sol
FN:9,constructor
FNF:1
FNH:1
FNDA:78,constructor
DA:10,78
LF:1
LH:1
BRF:0
BRH:0
end_of_record
