TN:
SF:C:\Users\Guilherme Mussi\git\Distamarkets\contracts\Distamarkets.sol
FN:83,constructor
FN:93,createMarket
FN:125,onApprovalReceived
FN:194,removeStake
FN:232,getMarket
FN:271,resolveMarket
FN:307,calculateReward
FN:315,_calculateReward
FN:334,updateBalance
FN:343,getStakeId
FN:353,getMarketTotalStake
FN:363,getUserStakes
FN:373,getStake
FN:378,token
FN:383,tokenBalance
FN:389,isMarketOpen
FNF:16
FNH:16
FNDA:63,constructor
FNDA:19,createMarket
FNDA:20,onApprovalReceived
FNDA:4,removeStake
FNDA:2,getMarket
FNDA:3,resolveMarket
FNDA:4,calculateReward
FNDA:4,_calculateReward
FNDA:17,updateBalance
FNDA:11,getStakeId
FNDA:1,getMarketTotalStake
FNDA:1,getUserStakes
FNDA:4,getStake
FNDA:1,token
FNDA:1,tokenBalance
FNDA:20,isMarketOpen
DA:84,63
DA:99,19
DA:103,19
DA:104,19
DA:108,19
DA:111,19
DA:112,19
DA:113,19
DA:114,19
DA:115,19
DA:116,19
DA:118,19
DA:130,20
DA:131,19
DA:134,18
DA:135,18
DA:136,18
DA:139,18
DA:140,18
DA:144,17
DA:147,16
DA:148,16
DA:153,16
DA:154,16
DA:156,16
DA:158,15
DA:159,15
DA:160,15
DA:161,15
DA:162,15
DA:164,15
DA:165,15
DA:168,1
DA:172,16
DA:173,16
DA:174,16
DA:177,16
DA:178,16
DA:180,16
DA:188,16
DA:195,4
DA:198,3
DA:201,3
DA:204,2
DA:205,2
DA:208,1
DA:209,1
DA:213,1
DA:214,1
DA:215,1
DA:218,1
DA:219,1
DA:221,1
DA:247,2
DA:250,2
DA:251,2
DA:252,1
DA:255,2
DA:274,3
DA:276,3
DA:280,3
DA:284,3
DA:289,2
DA:290,2
DA:292,2
DA:293,2
DA:294,2
DA:296,2
DA:308,4
DA:310,4
DA:320,4
DA:322,4
DA:324,4
DA:326,4
DA:328,4
DA:330,4
DA:336,17
DA:348,11
DA:358,1
DA:368,1
DA:374,4
DA:379,1
DA:384,1
DA:390,20
DA:391,20
LF:85
LH:85
BRDA:99,1,0,19
BRDA:99,1,1,0
BRDA:103,2,0,19
BRDA:103,2,1,0
BRDA:104,3,0,19
BRDA:104,3,1,0
BRDA:108,4,0,19
BRDA:108,4,1,0
BRDA:130,5,0,19
BRDA:130,5,1,1
BRDA:131,6,0,18
BRDA:131,6,1,1
BRDA:140,7,0,17
BRDA:140,7,1,1
BRDA:144,8,0,16
BRDA:144,8,1,1
BRDA:156,9,0,15
BRDA:156,9,1,1
BRDA:195,10,0,3
BRDA:195,10,1,1
BRDA:201,11,0,2
BRDA:201,11,1,1
BRDA:205,12,0,1
BRDA:205,12,1,1
BRDA:251,13,0,1
BRDA:251,13,1,1
BRDA:276,14,0,3
BRDA:276,14,1,0
BRDA:280,15,0,3
BRDA:280,15,1,0
BRDA:284,16,0,2
BRDA:284,16,1,1
BRF:32
BRH:26
end_of_record
TN:
SF:C:\Users\Guilherme Mussi\git\Distamarkets\contracts\WFAIRToken.sol
FN:9,constructor
FNF:1
FNH:1
FNDA:63,constructor
DA:10,63
LF:1
LH:1
BRF:0
BRH:0
end_of_record
